<?xml version="1.0" encoding="utf-8"?><testsuites name="pytest tests"><testsuite name="pytest" errors="0" failures="0" skipped="0" tests="1" time="40.045" timestamp="2025-07-15T22:06:04.039575+07:00" hostname="LAPTOP-4AE66L14"><testcase classname="test.unit.test_transcript_processor" name="test_process_success" time="39.168" /></testsuite></testsuites>