<?xml version="1.0" encoding="utf-8"?><testsuites name="pytest tests"><testsuite name="pytest" errors="0" failures="0" skipped="0" tests="1" time="59.496" timestamp="2025-07-18T15:07:40.417921+07:00" hostname="LAPTOP-4AE66L14"><testcase classname="test.e2e.test_e2e_pytest" name="test_e2e_video_creation_with_auto_server" time="59.466" /></testsuite></testsuites>