<?xml version="1.0" encoding="utf-8"?><testsuites name="pytest tests"><testsuite name="pytest" errors="0" failures="0" skipped="0" tests="1" time="22.423" timestamp="2025-07-16T15:25:16.353741+07:00" hostname="LAPTOP-4AE66L14"><testcase classname="test.unit.test_transcript_processor" name="test_process_success" time="21.525" /></testsuite></testsuites>