<?xml version="1.0" encoding="utf-8"?><testsuites name="pytest tests"><testsuite name="pytest" errors="0" failures="0" skipped="0" tests="1" time="65.144" timestamp="2025-07-17T21:05:23.464986+07:00" hostname="LAPTOP-4AE66L14"><testcase classname="test.unit.test_transcript_processor" name="test_process_success" time="64.066" /></testsuite></testsuites>